Starting Backend API Server...
Starting Frontend React App...
Smart Life Optimizer is now running!
Backend PID: 13340 (Port 5001)
Frontend PID: 13341 (Port 5173)
Press Ctrl+C to shut down both servers.

> frontend@0.0.0 dev
> vite --open

[dotenv@17.3.1] injecting env (0) from .env -- tip: ⚙️  write to custom object with { processEnv: myObject }
🚀 Smart Life Optimizer Backend online - Port 5001
🤖 Smart Logic Analyzer ready for requests...
10:39:53 PM [vite] (client) Re-optimizing dependencies because lockfile has changed

  VITE v8.0.3  ready in 477 ms

  ➜  Local:   http://localhost:5173/
  ➜  Network: use --host to expose
10:39:56 PM [vite] (client) [Unhandled error] ReferenceError: useEffect is not defined
 > App src/App.jsx:176:2
    174 |    const [theme, setTheme] = useState('dark');
    175 |  
    176 |    useEffect(() => {
        |    ^
    177 |      document.documentElement.setAttribute('data-theme', theme);
    178 |    }, [theme]);
 > Object.react_stack_bottom_frame node_modules/react-dom/cjs/react-dom-client.development.js:25904:19
 > renderWithHooks node_modules/react-dom/cjs/react-dom-client.development.js:7662:21
 > updateFunctionComponent node_modules/react-dom/cjs/react-dom-client.development.js:10166:18
 > beginWork node_modules/react-dom/cjs/react-dom-client.development.js:11778:17
 > runWithFiberInDEV node_modules/react-dom/cjs/react-dom-client.development.js:871:29
 > performUnitOfWork node_modules/react-dom/cjs/react-dom-client.development.js:17641:21
 > workLoopSync node_modules/react-dom/cjs/react-dom-client.development.js:17469:40
 > renderRootSync node_modules/react-dom/cjs/react-dom-client.development.js:17450:10
 > performWorkOnRoot node_modules/react-dom/cjs/react-dom-client.development.js:16583:34

10:39:56 PM [vite] (client) [console.warn] An error occurred in the <App> component.

Consider adding an error boundary to your tree to customize error handling behavior.
Visit https://react.dev/link/error-boundaries to learn more about error boundaries.

10:40:32 PM [vite] (client) [Unhandled error] ReferenceError: useEffect is not defined
 > App src/App.jsx:176:2
    174 |    const [theme, setTheme] = useState('dark');
    175 |  
    176 |    useEffect(() => {
        |    ^
    177 |      document.documentElement.setAttribute('data-theme', theme);
    178 |    }, [theme]);
 > Object.react_stack_bottom_frame node_modules/react-dom/cjs/react-dom-client.development.js:25904:19
 > renderWithHooks node_modules/react-dom/cjs/react-dom-client.development.js:7662:21
 > updateFunctionComponent node_modules/react-dom/cjs/react-dom-client.development.js:10166:18
 > beginWork node_modules/react-dom/cjs/react-dom-client.development.js:11778:17
 > runWithFiberInDEV node_modules/react-dom/cjs/react-dom-client.development.js:871:29
 > performUnitOfWork node_modules/react-dom/cjs/react-dom-client.development.js:17641:21
 > workLoopSync node_modules/react-dom/cjs/react-dom-client.development.js:17469:40
 > renderRootSync node_modules/react-dom/cjs/react-dom-client.development.js:17450:10
 > performWorkOnRoot node_modules/react-dom/cjs/react-dom-client.development.js:16583:34

10:40:32 PM [vite] (client) [console.warn] An error occurred in the <App> component.

Consider adding an error boundary to your tree to customize error handling behavior.
Visit https://react.dev/link/error-boundaries to learn more about error boundaries.

10:41:38 PM [vite] (client) [Unhandled error] ReferenceError: useEffect is not defined
 > App src/App.jsx:176:2
    174 |    const [theme, setTheme] = useState('dark');
    175 |  
    176 |    useEffect(() => {
        |    ^
    177 |      document.documentElement.setAttribute('data-theme', theme);
    178 |    }, [theme]);
 > Object.react_stack_bottom_frame node_modules/react-dom/cjs/react-dom-client.development.js:25904:19
 > renderWithHooks node_modules/react-dom/cjs/react-dom-client.development.js:7662:21
 > updateFunctionComponent node_modules/react-dom/cjs/react-dom-client.development.js:10166:18
 > beginWork node_modules/react-dom/cjs/react-dom-client.development.js:11778:17
 > runWithFiberInDEV node_modules/react-dom/cjs/react-dom-client.development.js:871:29
 > performUnitOfWork node_modules/react-dom/cjs/react-dom-client.development.js:17641:21
 > workLoopSync node_modules/react-dom/cjs/react-dom-client.development.js:17469:40
 > renderRootSync node_modules/react-dom/cjs/react-dom-client.development.js:17450:10
 > performWorkOnRoot node_modules/react-dom/cjs/react-dom-client.development.js:16583:34

10:41:38 PM [vite] (client) [console.warn] An error occurred in the <App> component.

Consider adding an error boundary to your tree to customize error handling behavior.
Visit https://react.dev/link/error-boundaries to learn more about error boundaries.

10:43:05 PM [vite] (client) [Unhandled error] ReferenceError: useEffect is not defined
 > App src/App.jsx:176:2
    174 |    const [theme, setTheme] = useState('dark');
    175 |  
    176 |    useEffect(() => {
        |    ^
    177 |      document.documentElement.setAttribute('data-theme', theme);
    178 |    }, [theme]);
 > Object.react_stack_bottom_frame node_modules/react-dom/cjs/react-dom-client.development.js:25904:19
 > renderWithHooks node_modules/react-dom/cjs/react-dom-client.development.js:7662:21
 > updateFunctionComponent node_modules/react-dom/cjs/react-dom-client.development.js:10166:18
 > beginWork node_modules/react-dom/cjs/react-dom-client.development.js:11778:17
 > runWithFiberInDEV node_modules/react-dom/cjs/react-dom-client.development.js:871:29
 > performUnitOfWork node_modules/react-dom/cjs/react-dom-client.development.js:17641:21
 > workLoopSync node_modules/react-dom/cjs/react-dom-client.development.js:17469:40
 > renderRootSync node_modules/react-dom/cjs/react-dom-client.development.js:17450:10
 > performWorkOnRoot node_modules/react-dom/cjs/react-dom-client.development.js:16583:34

10:43:05 PM [vite] (client) [console.warn] An error occurred in the <App> component.

Consider adding an error boundary to your tree to customize error handling behavior.
Visit https://react.dev/link/error-boundaries to learn more about error boundaries.

10:43:06 PM [vite] (client) [Unhandled error] ReferenceError: useEffect is not defined
 > App src/App.jsx:176:2
    174 |    const [theme, setTheme] = useState('dark');
    175 |  
    176 |    useEffect(() => {
        |    ^
    177 |      document.documentElement.setAttribute('data-theme', theme);
    178 |    }, [theme]);
 > Object.react_stack_bottom_frame node_modules/react-dom/cjs/react-dom-client.development.js:25904:19
 > renderWithHooks node_modules/react-dom/cjs/react-dom-client.development.js:7662:21
 > updateFunctionComponent node_modules/react-dom/cjs/react-dom-client.development.js:10166:18
 > beginWork node_modules/react-dom/cjs/react-dom-client.development.js:11778:17
 > runWithFiberInDEV node_modules/react-dom/cjs/react-dom-client.development.js:871:29
 > performUnitOfWork node_modules/react-dom/cjs/react-dom-client.development.js:17641:21
 > workLoopSync node_modules/react-dom/cjs/react-dom-client.development.js:17469:40
 > renderRootSync node_modules/react-dom/cjs/react-dom-client.development.js:17450:10
 > performWorkOnRoot node_modules/react-dom/cjs/react-dom-client.development.js:16583:34

10:43:06 PM [vite] (client) [console.warn] An error occurred in the <App> component.

Consider adding an error boundary to your tree to customize error handling behavior.
Visit https://react.dev/link/error-boundaries to learn more about error boundaries.

10:43:06 PM [vite] (client) [Unhandled error] ReferenceError: useEffect is not defined
 > App src/App.jsx:176:2
    174 |    const [theme, setTheme] = useState('dark');
    175 |  
    176 |    useEffect(() => {
        |    ^
    177 |      document.documentElement.setAttribute('data-theme', theme);
    178 |    }, [theme]);
 > Object.react_stack_bottom_frame node_modules/react-dom/cjs/react-dom-client.development.js:25904:19
 > renderWithHooks node_modules/react-dom/cjs/react-dom-client.development.js:7662:21
 > updateFunctionComponent node_modules/react-dom/cjs/react-dom-client.development.js:10166:18
 > beginWork node_modules/react-dom/cjs/react-dom-client.development.js:11778:17
 > runWithFiberInDEV node_modules/react-dom/cjs/react-dom-client.development.js:871:29
 > performUnitOfWork node_modules/react-dom/cjs/react-dom-client.development.js:17641:21
 > workLoopSync node_modules/react-dom/cjs/react-dom-client.development.js:17469:40
 > renderRootSync node_modules/react-dom/cjs/react-dom-client.development.js:17450:10
 > performWorkOnRoot node_modules/react-dom/cjs/react-dom-client.development.js:16583:34

10:43:06 PM [vite] (client) [console.warn] An error occurred in the <App> component.

Consider adding an error boundary to your tree to customize error handling behavior.
Visit https://react.dev/link/error-boundaries to learn more about error boundaries.

10:43:07 PM [vite] (client) [Unhandled error] ReferenceError: useEffect is not defined
 > App src/App.jsx:176:2
    174 |    const [theme, setTheme] = useState('dark');
    175 |  
    176 |    useEffect(() => {
        |    ^
    177 |      document.documentElement.setAttribute('data-theme', theme);
    178 |    }, [theme]);
 > Object.react_stack_bottom_frame node_modules/react-dom/cjs/react-dom-client.development.js:25904:19
 > renderWithHooks node_modules/react-dom/cjs/react-dom-client.development.js:7662:21
 > updateFunctionComponent node_modules/react-dom/cjs/react-dom-client.development.js:10166:18
 > beginWork node_modules/react-dom/cjs/react-dom-client.development.js:11778:17
 > runWithFiberInDEV node_modules/react-dom/cjs/react-dom-client.development.js:871:29
 > performUnitOfWork node_modules/react-dom/cjs/react-dom-client.development.js:17641:21
 > workLoopSync node_modules/react-dom/cjs/react-dom-client.development.js:17469:40
 > renderRootSync node_modules/react-dom/cjs/react-dom-client.development.js:17450:10
 > performWorkOnRoot node_modules/react-dom/cjs/react-dom-client.development.js:16583:34

10:43:07 PM [vite] (client) [console.warn] An error occurred in the <App> component.

Consider adding an error boundary to your tree to customize error handling behavior.
Visit https://react.dev/link/error-boundaries to learn more about error boundaries.

10:43:08 PM [vite] (client) [Unhandled error] ReferenceError: useEffect is not defined
 > App src/App.jsx:176:2
    174 |    const [theme, setTheme] = useState('dark');
    175 |  
    176 |    useEffect(() => {
        |    ^
    177 |      document.documentElement.setAttribute('data-theme', theme);
    178 |    }, [theme]);
 > Object.react_stack_bottom_frame node_modules/react-dom/cjs/react-dom-client.development.js:25904:19
 > renderWithHooks node_modules/react-dom/cjs/react-dom-client.development.js:7662:21
 > updateFunctionComponent node_modules/react-dom/cjs/react-dom-client.development.js:10166:18
 > beginWork node_modules/react-dom/cjs/react-dom-client.development.js:11778:17
 > runWithFiberInDEV node_modules/react-dom/cjs/react-dom-client.development.js:871:29
 > performUnitOfWork node_modules/react-dom/cjs/react-dom-client.development.js:17641:21
 > workLoopSync node_modules/react-dom/cjs/react-dom-client.development.js:17469:40
 > renderRootSync node_modules/react-dom/cjs/react-dom-client.development.js:17450:10
 > performWorkOnRoot node_modules/react-dom/cjs/react-dom-client.development.js:16583:34

10:43:08 PM [vite] (client) [console.warn] An error occurred in the <App> component.

Consider adding an error boundary to your tree to customize error handling behavior.
Visit https://react.dev/link/error-boundaries to learn more about error boundaries.

10:43:08 PM [vite] (client) [Unhandled error] ReferenceError: useEffect is not defined
 > App src/App.jsx:176:2
    174 |    const [theme, setTheme] = useState('dark');
    175 |  
    176 |    useEffect(() => {
        |    ^
    177 |      document.documentElement.setAttribute('data-theme', theme);
    178 |    }, [theme]);
 > Object.react_stack_bottom_frame node_modules/react-dom/cjs/react-dom-client.development.js:25904:19
 > renderWithHooks node_modules/react-dom/cjs/react-dom-client.development.js:7662:21
 > updateFunctionComponent node_modules/react-dom/cjs/react-dom-client.development.js:10166:18
 > beginWork node_modules/react-dom/cjs/react-dom-client.development.js:11778:17
 > runWithFiberInDEV node_modules/react-dom/cjs/react-dom-client.development.js:871:29
 > performUnitOfWork node_modules/react-dom/cjs/react-dom-client.development.js:17641:21
 > workLoopSync node_modules/react-dom/cjs/react-dom-client.development.js:17469:40
 > renderRootSync node_modules/react-dom/cjs/react-dom-client.development.js:17450:10
 > performWorkOnRoot node_modules/react-dom/cjs/react-dom-client.development.js:16583:34

10:43:08 PM [vite] (client) [console.warn] An error occurred in the <App> component.

Consider adding an error boundary to your tree to customize error handling behavior.
Visit https://react.dev/link/error-boundaries to learn more about error boundaries.

10:43:09 PM [vite] (client) [Unhandled error] ReferenceError: useEffect is not defined
 > App src/App.jsx:176:2
    174 |    const [theme, setTheme] = useState('dark');
    175 |  
    176 |    useEffect(() => {
        |    ^
    177 |      document.documentElement.setAttribute('data-theme', theme);
    178 |    }, [theme]);
 > Object.react_stack_bottom_frame node_modules/react-dom/cjs/react-dom-client.development.js:25904:19
 > renderWithHooks node_modules/react-dom/cjs/react-dom-client.development.js:7662:21
 > updateFunctionComponent node_modules/react-dom/cjs/react-dom-client.development.js:10166:18
 > beginWork node_modules/react-dom/cjs/react-dom-client.development.js:11778:17
 > runWithFiberInDEV node_modules/react-dom/cjs/react-dom-client.development.js:871:29
 > performUnitOfWork node_modules/react-dom/cjs/react-dom-client.development.js:17641:21
 > workLoopSync node_modules/react-dom/cjs/react-dom-client.development.js:17469:40
 > renderRootSync node_modules/react-dom/cjs/react-dom-client.development.js:17450:10
 > performWorkOnRoot node_modules/react-dom/cjs/react-dom-client.development.js:16583:34

10:43:09 PM [vite] (client) [console.warn] An error occurred in the <App> component.

Consider adding an error boundary to your tree to customize error handling behavior.
Visit https://react.dev/link/error-boundaries to learn more about error boundaries.

10:43:09 PM [vite] (client) [Unhandled error] ReferenceError: useEffect is not defined
 > App src/App.jsx:176:2
    174 |    const [theme, setTheme] = useState('dark');
    175 |  
    176 |    useEffect(() => {
        |    ^
    177 |      document.documentElement.setAttribute('data-theme', theme);
    178 |    }, [theme]);
 > Object.react_stack_bottom_frame node_modules/react-dom/cjs/react-dom-client.development.js:25904:19
 > renderWithHooks node_modules/react-dom/cjs/react-dom-client.development.js:7662:21
 > updateFunctionComponent node_modules/react-dom/cjs/react-dom-client.development.js:10166:18
 > beginWork node_modules/react-dom/cjs/react-dom-client.development.js:11778:17
 > runWithFiberInDEV node_modules/react-dom/cjs/react-dom-client.development.js:871:29
 > performUnitOfWork node_modules/react-dom/cjs/react-dom-client.development.js:17641:21
 > workLoopSync node_modules/react-dom/cjs/react-dom-client.development.js:17469:40
 > renderRootSync node_modules/react-dom/cjs/react-dom-client.development.js:17450:10
 > performWorkOnRoot node_modules/react-dom/cjs/react-dom-client.development.js:16583:34

10:43:09 PM [vite] (client) [console.warn] An error occurred in the <App> component.

Consider adding an error boundary to your tree to customize error handling behavior.
Visit https://react.dev/link/error-boundaries to learn more about error boundaries.

10:43:09 PM [vite] (client) [Unhandled error] ReferenceError: useEffect is not defined
 > App src/App.jsx:176:2
    174 |    const [theme, setTheme] = useState('dark');
    175 |  
    176 |    useEffect(() => {
        |    ^
    177 |      document.documentElement.setAttribute('data-theme', theme);
    178 |    }, [theme]);
 > Object.react_stack_bottom_frame node_modules/react-dom/cjs/react-dom-client.development.js:25904:19
 > renderWithHooks node_modules/react-dom/cjs/react-dom-client.development.js:7662:21
 > updateFunctionComponent node_modules/react-dom/cjs/react-dom-client.development.js:10166:18
 > beginWork node_modules/react-dom/cjs/react-dom-client.development.js:11778:17
 > runWithFiberInDEV node_modules/react-dom/cjs/react-dom-client.development.js:871:29
 > performUnitOfWork node_modules/react-dom/cjs/react-dom-client.development.js:17641:21
 > workLoopSync node_modules/react-dom/cjs/react-dom-client.development.js:17469:40
 > renderRootSync node_modules/react-dom/cjs/react-dom-client.development.js:17450:10
 > performWorkOnRoot node_modules/react-dom/cjs/react-dom-client.development.js:16583:34

10:43:09 PM [vite] (client) [console.warn] An error occurred in the <App> component.

Consider adding an error boundary to your tree to customize error handling behavior.
Visit https://react.dev/link/error-boundaries to learn more about error boundaries.

10:43:09 PM [vite] (client) [Unhandled error] ReferenceError: useEffect is not defined
 > App src/App.jsx:176:2
    174 |    const [theme, setTheme] = useState('dark');
    175 |  
    176 |    useEffect(() => {
        |    ^
    177 |      document.documentElement.setAttribute('data-theme', theme);
    178 |    }, [theme]);
 > Object.react_stack_bottom_frame node_modules/react-dom/cjs/react-dom-client.development.js:25904:19
 > renderWithHooks node_modules/react-dom/cjs/react-dom-client.development.js:7662:21
 > updateFunctionComponent node_modules/react-dom/cjs/react-dom-client.development.js:10166:18
 > beginWork node_modules/react-dom/cjs/react-dom-client.development.js:11778:17
 > runWithFiberInDEV node_modules/react-dom/cjs/react-dom-client.development.js:871:29
 > performUnitOfWork node_modules/react-dom/cjs/react-dom-client.development.js:17641:21
 > workLoopSync node_modules/react-dom/cjs/react-dom-client.development.js:17469:40
 > renderRootSync node_modules/react-dom/cjs/react-dom-client.development.js:17450:10
 > performWorkOnRoot node_modules/react-dom/cjs/react-dom-client.development.js:16583:34

10:43:09 PM [vite] (client) [console.warn] An error occurred in the <App> component.

Consider adding an error boundary to your tree to customize error handling behavior.
Visit https://react.dev/link/error-boundaries to learn more about error boundaries.

10:43:10 PM [vite] (client) [Unhandled error] ReferenceError: useEffect is not defined
 > App src/App.jsx:176:2
    174 |    const [theme, setTheme] = useState('dark');
    175 |  
    176 |    useEffect(() => {
        |    ^
    177 |      document.documentElement.setAttribute('data-theme', theme);
    178 |    }, [theme]);
 > Object.react_stack_bottom_frame node_modules/react-dom/cjs/react-dom-client.development.js:25904:19
 > renderWithHooks node_modules/react-dom/cjs/react-dom-client.development.js:7662:21
 > updateFunctionComponent node_modules/react-dom/cjs/react-dom-client.development.js:10166:18
 > beginWork node_modules/react-dom/cjs/react-dom-client.development.js:11778:17
 > runWithFiberInDEV node_modules/react-dom/cjs/react-dom-client.development.js:871:29
 > performUnitOfWork node_modules/react-dom/cjs/react-dom-client.development.js:17641:21
 > workLoopSync node_modules/react-dom/cjs/react-dom-client.development.js:17469:40
 > renderRootSync node_modules/react-dom/cjs/react-dom-client.development.js:17450:10
 > performWorkOnRoot node_modules/react-dom/cjs/react-dom-client.development.js:16583:34

10:43:10 PM [vite] (client) [console.warn] An error occurred in the <App> component.

Consider adding an error boundary to your tree to customize error handling behavior.
Visit https://react.dev/link/error-boundaries to learn more about error boundaries.

10:43:53 PM [vite] (client) [Unhandled error] ReferenceError: useEffect is not defined
 > App src/App.jsx:176:2
    174 |    const [theme, setTheme] = useState('dark');
    175 |  
    176 |    useEffect(() => {
        |    ^
    177 |      document.documentElement.setAttribute('data-theme', theme);
    178 |    }, [theme]);
 > Object.react_stack_bottom_frame node_modules/react-dom/cjs/react-dom-client.development.js:25904:19
 > renderWithHooks node_modules/react-dom/cjs/react-dom-client.development.js:7662:21
 > updateFunctionComponent node_modules/react-dom/cjs/react-dom-client.development.js:10166:18
 > beginWork node_modules/react-dom/cjs/react-dom-client.development.js:11778:17
 > runWithFiberInDEV node_modules/react-dom/cjs/react-dom-client.development.js:871:29
 > performUnitOfWork node_modules/react-dom/cjs/react-dom-client.development.js:17641:21
 > workLoopSync node_modules/react-dom/cjs/react-dom-client.development.js:17469:40
 > renderRootSync node_modules/react-dom/cjs/react-dom-client.development.js:17450:10
 > performWorkOnRoot node_modules/react-dom/cjs/react-dom-client.development.js:16583:34

10:43:53 PM [vite] (client) [console.warn] An error occurred in the <App> component.

Consider adding an error boundary to your tree to customize error handling behavior.
Visit https://react.dev/link/error-boundaries to learn more about error boundaries.

10:44:19 PM [vite] (client) hmr update /src/App.jsx
10:44:19 PM [vite] (client) [console.warn] The width(-1) and height(-1) of chart should be greater than 0,
       please check the style of container, or the props width(100%) and height(100%),
       or add a minWidth(0) or minHeight(undefined) or use aspect(undefined) to control the
       height and width.
10:44:19 PM [vite] (client) [console.warn] The width(-1) and height(-1) of chart should be greater than 0,
       please check the style of container, or the props width(100%) and height(100%),
       or add a minWidth(0) or minHeight(undefined) or use aspect(undefined) to control the
       height and width.
10:46:35 PM [vite] (client) [console.warn] The width(-1) and height(-1) of chart should be greater than 0,
       please check the style of container, or the props width(100%) and height(100%),
       or add a minWidth(0) or minHeight(undefined) or use aspect(undefined) to control the
       height and width.
10:46:35 PM [vite] (client) [console.warn] The width(-1) and height(-1) of chart should be greater than 0,
       please check the style of container, or the props width(100%) and height(100%),
       or add a minWidth(0) or minHeight(undefined) or use aspect(undefined) to control the
       height and width.
10:48:34 PM [vite] (client) [console.warn] The width(-1) and height(-1) of chart should be greater than 0,
       please check the style of container, or the props width(100%) and height(100%),
       or add a minWidth(0) or minHeight(undefined) or use aspect(undefined) to control the
       height and width.
10:48:34 PM [vite] (client) [console.warn] The width(-1) and height(-1) of chart should be greater than 0,
       please check the style of container, or the props width(100%) and height(100%),
       or add a minWidth(0) or minHeight(undefined) or use aspect(undefined) to control the
       height and width.
10:49:34 PM [vite] (client) hmr update /src/components/HealthModule.jsx
10:50:34 PM [vite] (client) hmr update /src/App.jsx
10:52:12 PM [vite] (client) [console.warn] The width(-1) and height(-1) of chart should be greater than 0,
       please check the style of container, or the props width(100%) and height(100%),
       or add a minWidth(0) or minHeight(undefined) or use aspect(undefined) to control the
       height and width.
10:52:12 PM [vite] (client) [console.warn] The width(-1) and height(-1) of chart should be greater than 0,
       please check the style of container, or the props width(100%) and height(100%),
       or add a minWidth(0) or minHeight(undefined) or use aspect(undefined) to control the
       height and width.
10:52:14 PM [vite] (client) [console.warn] The width(-1) and height(-1) of chart should be greater than 0,
       please check the style of container, or the props width(100%) and height(100%),
       or add a minWidth(0) or minHeight(undefined) or use aspect(undefined) to control the
       height and width.
10:52:14 PM [vite] (client) [console.warn] The width(-1) and height(-1) of chart should be greater than 0,
       please check the style of container, or the props width(100%) and height(100%),
       or add a minWidth(0) or minHeight(undefined) or use aspect(undefined) to control the
       height and width.
10:52:24 PM [vite] (client) hmr update /src/index.css
10:52:26 PM [vite] (client) hmr update /src/App.jsx
10:54:46 PM [vite] (client) [console.warn] The width(-1) and height(-1) of chart should be greater than 0,
       please check the style of container, or the props width(100%) and height(100%),
       or add a minWidth(0) or minHeight(undefined) or use aspect(undefined) to control the
       height and width.
10:54:46 PM [vite] (client) [console.warn] The width(-1) and height(-1) of chart should be greater than 0,
       please check the style of container, or the props width(100%) and height(100%),
       or add a minWidth(0) or minHeight(undefined) or use aspect(undefined) to control the
       height and width.
10:54:55 PM [vite] (client) hmr update /src/components/HealthModule.jsx
10:54:57 PM [vite] (client) hmr update /src/App.jsx
10:55:16 PM [vite] (client) hmr update /src/App.jsx
10:56:50 PM [vite] (client) [console.warn] The width(-1) and height(-1) of chart should be greater than 0,
       please check the style of container, or the props width(100%) and height(100%),
       or add a minWidth(0) or minHeight(undefined) or use aspect(undefined) to control the
       height and width.
10:56:50 PM [vite] (client) [console.warn] The width(-1) and height(-1) of chart should be greater than 0,
       please check the style of container, or the props width(100%) and height(100%),
       or add a minWidth(0) or minHeight(undefined) or use aspect(undefined) to control the
       height and width.
10:56:52 PM [vite] (client) [console.warn] The width(-1) and height(-1) of chart should be greater than 0,
       please check the style of container, or the props width(100%) and height(100%),
       or add a minWidth(0) or minHeight(undefined) or use aspect(undefined) to control the
       height and width.
10:56:52 PM [vite] (client) [console.warn] The width(-1) and height(-1) of chart should be greater than 0,
       please check the style of container, or the props width(100%) and height(100%),
       or add a minWidth(0) or minHeight(undefined) or use aspect(undefined) to control the
       height and width.
10:56:55 PM [vite] (client) hmr update /src/index.css
10:57:50 PM [vite] (client) hmr update /src/components/SleepModule.jsx
10:57:51 PM [vite] (client) hmr update /src/App.jsx
10:57:51 PM [vite] (client) [console.warn] The width(-1) and height(-1) of chart should be greater than 0,
       please check the style of container, or the props width(100%) and height(100%),
       or add a minWidth(0) or minHeight(undefined) or use aspect(undefined) to control the
       height and width.
10:57:51 PM [vite] (client) [console.warn] The width(-1) and height(-1) of chart should be greater than 0,
       please check the style of container, or the props width(100%) and height(100%),
       or add a minWidth(0) or minHeight(undefined) or use aspect(undefined) to control the
       height and width.
10:59:43 PM [vite] (client) [console.warn] The width(-1) and height(-1) of chart should be greater than 0,
       please check the style of container, or the props width(100%) and height(100%),
       or add a minWidth(0) or minHeight(undefined) or use aspect(undefined) to control the
       height and width.
10:59:43 PM [vite] (client) [console.warn] The width(-1) and height(-1) of chart should be greater than 0,
       please check the style of container, or the props width(100%) and height(100%),
       or add a minWidth(0) or minHeight(undefined) or use aspect(undefined) to control the
       height and width.
10:59:56 PM [vite] (client) hmr update /src/index.css
11:00:19 PM [vite] (client) [console.warn] The width(-1) and height(-1) of chart should be greater than 0,
       please check the style of container, or the props width(100%) and height(100%),
       or add a minWidth(0) or minHeight(undefined) or use aspect(undefined) to control the
       height and width.
11:00:19 PM [vite] (client) [console.warn] The width(-1) and height(-1) of chart should be greater than 0,
       please check the style of container, or the props width(100%) and height(100%),
       or add a minWidth(0) or minHeight(undefined) or use aspect(undefined) to control the
       height and width.
11:00:48 PM [vite] (client) hmr update /src/App.jsx
11:01:03 PM [vite] (client) [console.warn] The width(-1) and height(-1) of chart should be greater than 0,
       please check the style of container, or the props width(100%) and height(100%),
       or add a minWidth(0) or minHeight(undefined) or use aspect(undefined) to control the
       height and width.
11:01:03 PM [vite] (client) [console.warn] The width(-1) and height(-1) of chart should be greater than 0,
       please check the style of container, or the props width(100%) and height(100%),
       or add a minWidth(0) or minHeight(undefined) or use aspect(undefined) to control the
       height and width.
11:01:58 PM [vite] (client) [console.warn] The width(-1) and height(-1) of chart should be greater than 0,
       please check the style of container, or the props width(100%) and height(100%),
       or add a minWidth(0) or minHeight(undefined) or use aspect(undefined) to control the
       height and width.
11:01:58 PM [vite] (client) [console.warn] The width(-1) and height(-1) of chart should be greater than 0,
       please check the style of container, or the props width(100%) and height(100%),
       or add a minWidth(0) or minHeight(undefined) or use aspect(undefined) to control the
       height and width.
11:02:39 PM [vite] (client) hmr update /src/App.jsx
11:02:41 PM [vite] (client) hmr update /src/components/StudyModule.jsx
11:03:41 PM [vite] (client) hmr update /src/App.jsx
11:03:57 PM [vite] (client) [console.warn] The width(-1) and height(-1) of chart should be greater than 0,
       please check the style of container, or the props width(100%) and height(100%),
       or add a minWidth(0) or minHeight(undefined) or use aspect(undefined) to control the
       height and width.
11:03:57 PM [vite] (client) [console.warn] The width(-1) and height(-1) of chart should be greater than 0,
       please check the style of container, or the props width(100%) and height(100%),
       or add a minWidth(0) or minHeight(undefined) or use aspect(undefined) to control the
       height and width.
11:04:27 PM [vite] (client) [console.error] SyntaxError: Unexpected token '<', "<!DOCTYPE "... is not valid JSON
11:04:27 PM [vite] (client) [console.error] SyntaxError: Unexpected token '<', "<!DOCTYPE "... is not valid JSON
11:04:27 PM [vite] (client) hmr update /src/App.jsx
11:04:51 PM [vite] (client) [console.warn] The width(-1) and height(-1) of chart should be greater than 0,
       please check the style of container, or the props width(100%) and height(100%),
       or add a minWidth(0) or minHeight(undefined) or use aspect(undefined) to control the
       height and width.
11:04:51 PM [vite] (client) [console.warn] The width(-1) and height(-1) of chart should be greater than 0,
       please check the style of container, or the props width(100%) and height(100%),
       or add a minWidth(0) or minHeight(undefined) or use aspect(undefined) to control the
       height and width.
11:06:35 PM [vite] (client) [console.warn] The width(-1) and height(-1) of chart should be greater than 0,
       please check the style of container, or the props width(100%) and height(100%),
       or add a minWidth(0) or minHeight(undefined) or use aspect(undefined) to control the
       height and width.
11:06:35 PM [vite] (client) [console.warn] The width(-1) and height(-1) of chart should be greater than 0,
       please check the style of container, or the props width(100%) and height(100%),
       or add a minWidth(0) or minHeight(undefined) or use aspect(undefined) to control the
       height and width.
11:09:58 PM [vite] (client) hmr update /src/index.css
11:10:00 PM [vite] (client) hmr update /src/App.jsx
11:10:53 PM [vite] (client) [console.warn] The width(-1) and height(-1) of chart should be greater than 0,
       please check the style of container, or the props width(100%) and height(100%),
       or add a minWidth(0) or minHeight(undefined) or use aspect(undefined) to control the
       height and width.
11:10:53 PM [vite] (client) [console.warn] The width(-1) and height(-1) of chart should be greater than 0,
       please check the style of container, or the props width(100%) and height(100%),
       or add a minWidth(0) or minHeight(undefined) or use aspect(undefined) to control the
       height and width.
11:11:06 PM [vite] (client) [console.warn] The width(-1) and height(-1) of chart should be greater than 0,
       please check the style of container, or the props width(100%) and height(100%),
       or add a minWidth(0) or minHeight(undefined) or use aspect(undefined) to control the
       height and width.
11:11:06 PM [vite] (client) [console.warn] The width(-1) and height(-1) of chart should be greater than 0,
       please check the style of container, or the props width(100%) and height(100%),
       or add a minWidth(0) or minHeight(undefined) or use aspect(undefined) to control the
       height and width.
11:11:17 PM [vite] (client) [console.warn] The width(-1) and height(-1) of chart should be greater than 0,
       please check the style of container, or the props width(100%) and height(100%),
       or add a minWidth(0) or minHeight(undefined) or use aspect(undefined) to control the
       height and width.
11:11:17 PM [vite] (client) [console.warn] The width(-1) and height(-1) of chart should be greater than 0,
       please check the style of container, or the props width(100%) and height(100%),
       or add a minWidth(0) or minHeight(undefined) or use aspect(undefined) to control the
       height and width.
11:12:29 PM [vite] (client) hmr update /src/App.jsx
11:12:43 PM [vite] (client) hmr update /src/components/SleepModule.jsx
11:12:45 PM [vite] (client) hmr update /src/components/StudyModule.jsx
11:12:47 PM [vite] (client) hmr update /src/components/HealthModule.jsx
11:12:57 PM [vite] (client) [console.warn] The width(-1) and height(-1) of chart should be greater than 0,
       please check the style of container, or the props width(100%) and height(100%),
       or add a minWidth(0) or minHeight(undefined) or use aspect(undefined) to control the
       height and width.
11:12:57 PM [vite] (client) [console.warn] The width(-1) and height(-1) of chart should be greater than 0,
       please check the style of container, or the props width(100%) and height(100%),
       or add a minWidth(0) or minHeight(undefined) or use aspect(undefined) to control the
       height and width.
11:13:14 PM [vite] (client) hmr update /src/App.jsx
11:14:33 PM [vite] (client) hmr update /src/App.jsx
11:15:39 PM [vite] (client) [console.warn] The width(-1) and height(-1) of chart should be greater than 0,
       please check the style of container, or the props width(100%) and height(100%),
       or add a minWidth(0) or minHeight(undefined) or use aspect(undefined) to control the
       height and width.
11:15:39 PM [vite] (client) [console.warn] The width(-1) and height(-1) of chart should be greater than 0,
       please check the style of container, or the props width(100%) and height(100%),
       or add a minWidth(0) or minHeight(undefined) or use aspect(undefined) to control the
       height and width.
11:15:58 PM [vite] (client) hmr update /src/App.jsx
11:16:00 PM [vite] (client) hmr update /src/index.css
11:16:45 PM [vite] (client) [console.error] SyntaxError: Unexpected token '<', "<!DOCTYPE "... is not valid JSON
11:16:45 PM [vite] (client) [console.error] SyntaxError: Unexpected token '<', "<!DOCTYPE "... is not valid JSON
11:16:58 PM [vite] (client) [console.warn] The width(-1) and height(-1) of chart should be greater than 0,
       please check the style of container, or the props width(100%) and height(100%),
       or add a minWidth(0) or minHeight(undefined) or use aspect(undefined) to control the
       height and width.
11:16:58 PM [vite] (client) [console.warn] The width(-1) and height(-1) of chart should be greater than 0,
       please check the style of container, or the props width(100%) and height(100%),
       or add a minWidth(0) or minHeight(undefined) or use aspect(undefined) to control the
       height and width.
11:18:19 PM [vite] (client) hmr update /src/index.css
11:18:21 PM [vite] (client) hmr update /src/App.jsx
11:18:21 PM [vite] (client) [console.warn] The width(-1) and height(-1) of chart should be greater than 0,
       please check the style of container, or the props width(100%) and height(100%),
       or add a minWidth(0) or minHeight(undefined) or use aspect(undefined) to control the
       height and width.
11:18:21 PM [vite] (client) [console.warn] The width(-1) and height(-1) of chart should be greater than 0,
       please check the style of container, or the props width(100%) and height(100%),
       or add a minWidth(0) or minHeight(undefined) or use aspect(undefined) to control the
       height and width.
11:18:39 PM [vite] (client) hmr update /src/App.jsx
11:20:08 PM [vite] (client) [console.warn] The width(-1) and height(-1) of chart should be greater than 0,
       please check the style of container, or the props width(100%) and height(100%),
       or add a minWidth(0) or minHeight(undefined) or use aspect(undefined) to control the
       height and width.
11:20:08 PM [vite] (client) [console.warn] The width(-1) and height(-1) of chart should be greater than 0,
       please check the style of container, or the props width(100%) and height(100%),
       or add a minWidth(0) or minHeight(undefined) or use aspect(undefined) to control the
       height and width.
11:20:10 PM [vite] (client) [console.warn] The width(-1) and height(-1) of chart should be greater than 0,
       please check the style of container, or the props width(100%) and height(100%),
       or add a minWidth(0) or minHeight(undefined) or use aspect(undefined) to control the
       height and width.
11:20:10 PM [vite] (client) [console.warn] The width(-1) and height(-1) of chart should be greater than 0,
       please check the style of container, or the props width(100%) and height(100%),
       or add a minWidth(0) or minHeight(undefined) or use aspect(undefined) to control the
       height and width.
11:20:56 PM [vite] (client) [console.error] SyntaxError: Unexpected token '<', "<!DOCTYPE "... is not valid JSON
11:20:56 PM [vite] (client) [console.error] SyntaxError: Unexpected token '<', "<!DOCTYPE "... is not valid JSON
11:21:12 PM [vite] (client) [console.warn] The width(-1) and height(-1) of chart should be greater than 0,
       please check the style of container, or the props width(100%) and height(100%),
       or add a minWidth(0) or minHeight(undefined) or use aspect(undefined) to control the
       height and width.
11:21:12 PM [vite] (client) [console.warn] The width(-1) and height(-1) of chart should be greater than 0,
       please check the style of container, or the props width(100%) and height(100%),
       or add a minWidth(0) or minHeight(undefined) or use aspect(undefined) to control the
       height and width.
11:23:46 PM [vite] (client) hmr update /src/App.jsx, /src/components/StudyModule.jsx
11:24:01 PM [vite] (client) hmr update /src/components/HealthModule.jsx
11:24:03 PM [vite] (client) hmr update /src/App.jsx
11:24:03 PM [vite] Internal server error: Transform failed with 1 error:

[31m[PARSE_ERROR] Error:[0m Unexpected token
    [38;5;246m╭[0m[38;5;246m─[0m[38;5;246m[[0m src/App.jsx:46:3 [38;5;246m][0m
    [38;5;246m│[0m
 [38;5;246m46 │[0m [38;5;249m [0m[38;5;249m [0mreturn[38;5;249m [0m[38;5;249m([0m
 [38;5;240m   │[0m   ───┬──  
 [38;5;240m   │[0m      ╰──── 
[38;5;246m────╯[0m

  Plugin: vite:oxc
  File: /Users/sanidhyasharma/GitHub/Project/Project-/frontend/src/App.jsx
      at transformWithOxc (file:///Users/sanidhyasharma/GitHub/Project/Project-/frontend/node_modules/vite/dist/node/chunks/node.js:3720:19)
      at TransformPluginContext.transform (file:///Users/sanidhyasharma/GitHub/Project/Project-/frontend/node_modules/vite/dist/node/chunks/node.js:3788:26)
      at EnvironmentPluginContainer.transform (file:///Users/sanidhyasharma/GitHub/Project/Project-/frontend/node_modules/vite/dist/node/chunks/node.js:30048:51)
      at async loadAndTransform (file:///Users/sanidhyasharma/GitHub/Project/Project-/frontend/node_modules/vite/dist/node/chunks/node.js:24177:26)
      at async viteTransformMiddleware (file:///Users/sanidhyasharma/GitHub/Project/Project-/frontend/node_modules/vite/dist/node/chunks/node.js:24986:20)
11:24:03 PM [vite] (client) [console.error] [vite] Failed to reload /src/App.jsx. This could be due to syntax errors or importing non-existent modules. (see errors above)
11:24:10 PM [vite] (client) Pre-transform error: Transform failed with 1 error:

[31m[PARSE_ERROR] Error:[0m Unexpected token
    [38;5;246m╭[0m[38;5;246m─[0m[38;5;246m[[0m src/App.jsx:46:3 [38;5;246m][0m
    [38;5;246m│[0m
 [38;5;246m46 │[0m [38;5;249m [0m[38;5;249m [0mreturn[38;5;249m [0m[38;5;249m([0m
 [38;5;240m   │[0m   ───┬──  
 [38;5;240m   │[0m      ╰──── 
[38;5;246m────╯[0m

  Plugin: vite:oxc
  File: /Users/sanidhyasharma/GitHub/Project/Project-/frontend/src/App.jsx
11:24:10 PM [vite] Internal server error: Transform failed with 1 error:

[31m[PARSE_ERROR] Error:[0m Unexpected token
    [38;5;246m╭[0m[38;5;246m─[0m[38;5;246m[[0m src/App.jsx:46:3 [38;5;246m][0m
    [38;5;246m│[0m
 [38;5;246m46 │[0m [38;5;249m [0m[38;5;249m [0mreturn[38;5;249m [0m[38;5;249m([0m
 [38;5;240m   │[0m   ───┬──  
 [38;5;240m   │[0m      ╰──── 
[38;5;246m────╯[0m

  Plugin: vite:oxc
  File: /Users/sanidhyasharma/GitHub/Project/Project-/frontend/src/App.jsx
      at transformWithOxc (file:///Users/sanidhyasharma/GitHub/Project/Project-/frontend/node_modules/vite/dist/node/chunks/node.js:3720:19)
      at TransformPluginContext.transform (file:///Users/sanidhyasharma/GitHub/Project/Project-/frontend/node_modules/vite/dist/node/chunks/node.js:3788:26)
      at EnvironmentPluginContainer.transform (file:///Users/sanidhyasharma/GitHub/Project/Project-/frontend/node_modules/vite/dist/node/chunks/node.js:30048:51)
      at async loadAndTransform (file:///Users/sanidhyasharma/GitHub/Project/Project-/frontend/node_modules/vite/dist/node/chunks/node.js:24177:26)
      at async viteTransformMiddleware (file:///Users/sanidhyasharma/GitHub/Project/Project-/frontend/node_modules/vite/dist/node/chunks/node.js:24986:20)
11:24:15 PM [vite] (client) hmr update /src/App.jsx
11:24:16 PM [vite] (client) [console.warn] The width(-1) and height(-1) of chart should be greater than 0,
       please check the style of container, or the props width(100%) and height(100%),
       or add a minWidth(0) or minHeight(undefined) or use aspect(undefined) to control the
       height and width.
11:24:16 PM [vite] (client) [console.warn] The width(-1) and height(-1) of chart should be greater than 0,
       please check the style of container, or the props width(100%) and height(100%),
       or add a minWidth(0) or minHeight(undefined) or use aspect(undefined) to control the
       height and width.
11:24:38 PM [vite] (client) [console.warn] The width(-1) and height(-1) of chart should be greater than 0,
       please check the style of container, or the props width(100%) and height(100%),
       or add a minWidth(0) or minHeight(undefined) or use aspect(undefined) to control the
       height and width.
11:24:38 PM [vite] (client) [console.warn] The width(-1) and height(-1) of chart should be greater than 0,
       please check the style of container, or the props width(100%) and height(100%),
       or add a minWidth(0) or minHeight(undefined) or use aspect(undefined) to control the
       height and width.
11:24:55 PM [vite] (client) [console.warn] The width(-1) and height(-1) of chart should be greater than 0,
       please check the style of container, or the props width(100%) and height(100%),
       or add a minWidth(0) or minHeight(undefined) or use aspect(undefined) to control the
       height and width.
11:24:55 PM [vite] (client) [console.warn] The width(-1) and height(-1) of chart should be greater than 0,
       please check the style of container, or the props width(100%) and height(100%),
       or add a minWidth(0) or minHeight(undefined) or use aspect(undefined) to control the
       height and width.
11:25:32 PM [vite] (client) hmr update /src/App.jsx
11:25:32 PM [vite] (client) [console.warn] The width(-1) and height(-1) of chart should be greater than 0,
       please check the style of container, or the props width(100%) and height(100%),
       or add a minWidth(0) or minHeight(undefined) or use aspect(undefined) to control the
       height and width.
11:25:32 PM [vite] (client) [console.warn] The width(-1) and height(-1) of chart should be greater than 0,
       please check the style of container, or the props width(100%) and height(100%),
       or add a minWidth(0) or minHeight(undefined) or use aspect(undefined) to control the
       height and width.
11:25:38 PM [vite] (client) [console.warn] The width(-1) and height(-1) of chart should be greater than 0,
       please check the style of container, or the props width(100%) and height(100%),
       or add a minWidth(0) or minHeight(undefined) or use aspect(undefined) to control the
       height and width.
11:25:38 PM [vite] (client) [console.warn] The width(-1) and height(-1) of chart should be greater than 0,
       please check the style of container, or the props width(100%) and height(100%),
       or add a minWidth(0) or minHeight(undefined) or use aspect(undefined) to control the
       height and width.
11:25:49 PM [vite] (client) [console.warn] The width(-1) and height(-1) of chart should be greater than 0,
       please check the style of container, or the props width(100%) and height(100%),
       or add a minWidth(0) or minHeight(undefined) or use aspect(undefined) to control the
       height and width.
11:25:49 PM [vite] (client) [console.warn] The width(-1) and height(-1) of chart should be greater than 0,
       please check the style of container, or the props width(100%) and height(100%),
       or add a minWidth(0) or minHeight(undefined) or use aspect(undefined) to control the
       height and width.
11:26:32 PM [vite] (client) hmr update /src/App.jsx
11:26:59 PM [vite] (client) hmr update /src/index.css
11:27:01 PM [vite] (client) hmr update /src/App.jsx
11:27:01 PM [vite] (client) [console.warn] The width(-1) and height(-1) of chart should be greater than 0,
       please check the style of container, or the props width(100%) and height(100%),
       or add a minWidth(0) or minHeight(undefined) or use aspect(undefined) to control the
       height and width.
11:27:01 PM [vite] (client) [console.warn] The width(-1) and height(-1) of chart should be greater than 0,
       please check the style of container, or the props width(100%) and height(100%),
       or add a minWidth(0) or minHeight(undefined) or use aspect(undefined) to control the
       height and width.
11:27:15 PM [vite] (client) [console.warn] The width(-1) and height(-1) of chart should be greater than 0,
       please check the style of container, or the props width(100%) and height(100%),
       or add a minWidth(0) or minHeight(undefined) or use aspect(undefined) to control the
       height and width.
11:27:15 PM [vite] (client) [console.warn] The width(-1) and height(-1) of chart should be greater than 0,
       please check the style of container, or the props width(100%) and height(100%),
       or add a minWidth(0) or minHeight(undefined) or use aspect(undefined) to control the
       height and width.
11:28:03 PM [vite] (client) [console.error] SyntaxError: Unexpected token '<', "<!DOCTYPE "... is not valid JSON
11:28:03 PM [vite] (client) [console.error] SyntaxError: Unexpected token '<', "<!DOCTYPE "... is not valid JSON
11:28:15 PM [vite] (client) [console.warn] The width(-1) and height(-1) of chart should be greater than 0,
       please check the style of container, or the props width(100%) and height(100%),
       or add a minWidth(0) or minHeight(undefined) or use aspect(undefined) to control the
       height and width.
11:28:15 PM [vite] (client) [console.warn] The width(-1) and height(-1) of chart should be greater than 0,
       please check the style of container, or the props width(100%) and height(100%),
       or add a minWidth(0) or minHeight(undefined) or use aspect(undefined) to control the
       height and width.
11:28:18 PM [vite] (client) [console.warn] The width(-1) and height(-1) of chart should be greater than 0,
       please check the style of container, or the props width(100%) and height(100%),
       or add a minWidth(0) or minHeight(undefined) or use aspect(undefined) to control the
       height and width.
11:28:18 PM [vite] (client) [console.warn] The width(-1) and height(-1) of chart should be greater than 0,
       please check the style of container, or the props width(100%) and height(100%),
       or add a minWidth(0) or minHeight(undefined) or use aspect(undefined) to control the
       height and width.
11:29:23 PM [vite] (client) [console.warn] The width(-1) and height(-1) of chart should be greater than 0,
       please check the style of container, or the props width(100%) and height(100%),
       or add a minWidth(0) or minHeight(undefined) or use aspect(undefined) to control the
       height and width.
11:29:23 PM [vite] (client) [console.warn] The width(-1) and height(-1) of chart should be greater than 0,
       please check the style of container, or the props width(100%) and height(100%),
       or add a minWidth(0) or minHeight(undefined) or use aspect(undefined) to control the
       height and width.
11:29:23 PM [vite] (client) hmr update /src/App.jsx
11:29:26 PM [vite] (client) [console.warn] The width(-1) and height(-1) of chart should be greater than 0,
       please check the style of container, or the props width(100%) and height(100%),
       or add a minWidth(0) or minHeight(undefined) or use aspect(undefined) to control the
       height and width.
11:29:26 PM [vite] (client) [console.warn] The width(-1) and height(-1) of chart should be greater than 0,
       please check the style of container, or the props width(100%) and height(100%),
       or add a minWidth(0) or minHeight(undefined) or use aspect(undefined) to control the
       height and width.
11:29:35 PM [vite] (client) [console.warn] The width(-1) and height(-1) of chart should be greater than 0,
       please check the style of container, or the props width(100%) and height(100%),
       or add a minWidth(0) or minHeight(undefined) or use aspect(undefined) to control the
       height and width.
11:29:35 PM [vite] (client) [console.warn] The width(-1) and height(-1) of chart should be greater than 0,
       please check the style of container, or the props width(100%) and height(100%),
       or add a minWidth(0) or minHeight(undefined) or use aspect(undefined) to control the
       height and width.
11:30:31 PM [vite] (client) hmr update /src/App.jsx
11:30:31 PM [vite] (client) [console.warn] The width(-1) and height(-1) of chart should be greater than 0,
       please check the style of container, or the props width(100%) and height(100%),
       or add a minWidth(0) or minHeight(undefined) or use aspect(undefined) to control the
       height and width.
11:30:31 PM [vite] (client) [console.warn] The width(-1) and height(-1) of chart should be greater than 0,
       please check the style of container, or the props width(100%) and height(100%),
       or add a minWidth(0) or minHeight(undefined) or use aspect(undefined) to control the
       height and width.
11:30:37 PM [vite] (client) [console.warn] The width(-1) and height(-1) of chart should be greater than 0,
       please check the style of container, or the props width(100%) and height(100%),
       or add a minWidth(0) or minHeight(undefined) or use aspect(undefined) to control the
       height and width.
11:30:37 PM [vite] (client) [console.warn] The width(-1) and height(-1) of chart should be greater than 0,
       please check the style of container, or the props width(100%) and height(100%),
       or add a minWidth(0) or minHeight(undefined) or use aspect(undefined) to control the
       height and width.
11:30:43 PM [vite] (client) [console.error] SyntaxError: Unexpected token '<', "<!DOCTYPE "... is not valid JSON
11:30:43 PM [vite] (client) [console.error] SyntaxError: Unexpected token '<', "<!DOCTYPE "... is not valid JSON
11:30:49 PM [vite] (client) [console.warn] The width(-1) and height(-1) of chart should be greater than 0,
       please check the style of container, or the props width(100%) and height(100%),
       or add a minWidth(0) or minHeight(undefined) or use aspect(undefined) to control the
       height and width.
11:30:49 PM [vite] (client) [console.warn] The width(-1) and height(-1) of chart should be greater than 0,
       please check the style of container, or the props width(100%) and height(100%),
       or add a minWidth(0) or minHeight(undefined) or use aspect(undefined) to control the
       height and width.
11:30:54 PM [vite] (client) [console.warn] The width(-1) and height(-1) of chart should be greater than 0,
       please check the style of container, or the props width(100%) and height(100%),
       or add a minWidth(0) or minHeight(undefined) or use aspect(undefined) to control the
       height and width.
11:30:54 PM [vite] (client) [console.warn] The width(-1) and height(-1) of chart should be greater than 0,
       please check the style of container, or the props width(100%) and height(100%),
       or add a minWidth(0) or minHeight(undefined) or use aspect(undefined) to control the
       height and width.
11:31:30 PM [vite] (client) [console.warn] The width(-1) and height(-1) of chart should be greater than 0,
       please check the style of container, or the props width(100%) and height(100%),
       or add a minWidth(0) or minHeight(undefined) or use aspect(undefined) to control the
       height and width.
11:31:30 PM [vite] (client) [console.warn] The width(-1) and height(-1) of chart should be greater than 0,
       please check the style of container, or the props width(100%) and height(100%),
       or add a minWidth(0) or minHeight(undefined) or use aspect(undefined) to control the
       height and width.
11:32:55 PM [vite] (client) hmr update /src/App.jsx
11:32:55 PM [vite] (client) Pre-transform error: Transform failed with 1 error:

[31m[PARSE_ERROR] Error:[0m Unterminated regular expression
     [38;5;246m╭[0m[38;5;246m─[0m[38;5;246m[[0m src/App.jsx:183:8 [38;5;246m][0m
     [38;5;246m│[0m
 [38;5;246m183 │[0m [38;5;249m [0m[38;5;249m [0m[38;5;249m [0m[38;5;249m [0m[38;5;249m [0m[38;5;249m [0m[38;5;249m<[0m/div>
 [38;5;240m    │[0m        ───┬──  
 [38;5;240m    │[0m           ╰──── 
[38;5;246m─────╯[0m

  Plugin: vite:oxc
  File: /Users/sanidhyasharma/GitHub/Project/Project-/frontend/src/App.jsx
11:32:55 PM [vite] Internal server error: Transform failed with 1 error:

[31m[PARSE_ERROR] Error:[0m Unterminated regular expression
     [38;5;246m╭[0m[38;5;246m─[0m[38;5;246m[[0m src/App.jsx:183:8 [38;5;246m][0m
     [38;5;246m│[0m
 [38;5;246m183 │[0m [38;5;249m [0m[38;5;249m [0m[38;5;249m [0m[38;5;249m [0m[38;5;249m [0m[38;5;249m [0m[38;5;249m<[0m/div>
 [38;5;240m    │[0m        ───┬──  
 [38;5;240m    │[0m           ╰──── 
[38;5;246m─────╯[0m

  Plugin: vite:oxc
  File: /Users/sanidhyasharma/GitHub/Project/Project-/frontend/src/App.jsx
      at transformWithOxc (file:///Users/sanidhyasharma/GitHub/Project/Project-/frontend/node_modules/vite/dist/node/chunks/node.js:3720:19)
      at TransformPluginContext.transform (file:///Users/sanidhyasharma/GitHub/Project/Project-/frontend/node_modules/vite/dist/node/chunks/node.js:3788:26)
      at EnvironmentPluginContainer.transform (file:///Users/sanidhyasharma/GitHub/Project/Project-/frontend/node_modules/vite/dist/node/chunks/node.js:30048:51)
      at async loadAndTransform (file:///Users/sanidhyasharma/GitHub/Project/Project-/frontend/node_modules/vite/dist/node/chunks/node.js:24177:26)
      at async viteTransformMiddleware (file:///Users/sanidhyasharma/GitHub/Project/Project-/frontend/node_modules/vite/dist/node/chunks/node.js:24986:20)
11:32:58 PM [vite] Internal server error: Transform failed with 1 error:

[31m[PARSE_ERROR] Error:[0m Unterminated regular expression
     [38;5;246m╭[0m[38;5;246m─[0m[38;5;246m[[0m src/App.jsx:183:8 [38;5;246m][0m
     [38;5;246m│[0m
 [38;5;246m183 │[0m [38;5;249m [0m[38;5;249m [0m[38;5;249m [0m[38;5;249m [0m[38;5;249m [0m[38;5;249m [0m[38;5;249m<[0m/div>
 [38;5;240m    │[0m        ───┬──  
 [38;5;240m    │[0m           ╰──── 
[38;5;246m─────╯[0m

  Plugin: vite:oxc
  File: /Users/sanidhyasharma/GitHub/Project/Project-/frontend/src/App.jsx
      at transformWithOxc (file:///Users/sanidhyasharma/GitHub/Project/Project-/frontend/node_modules/vite/dist/node/chunks/node.js:3720:19)
      at TransformPluginContext.transform (file:///Users/sanidhyasharma/GitHub/Project/Project-/frontend/node_modules/vite/dist/node/chunks/node.js:3788:26)
      at EnvironmentPluginContainer.transform (file:///Users/sanidhyasharma/GitHub/Project/Project-/frontend/node_modules/vite/dist/node/chunks/node.js:30048:51)
      at async loadAndTransform (file:///Users/sanidhyasharma/GitHub/Project/Project-/frontend/node_modules/vite/dist/node/chunks/node.js:24177:26)
      at async viteTransformMiddleware (file:///Users/sanidhyasharma/GitHub/Project/Project-/frontend/node_modules/vite/dist/node/chunks/node.js:24986:20)
11:33:08 PM [vite] (client) hmr update /src/App.jsx
11:33:09 PM [vite] (client) [console.warn] The width(-1) and height(-1) of chart should be greater than 0,
       please check the style of container, or the props width(100%) and height(100%),
       or add a minWidth(0) or minHeight(undefined) or use aspect(undefined) to control the
       height and width.
11:33:09 PM [vite] (client) [console.warn] The width(-1) and height(-1) of chart should be greater than 0,
       please check the style of container, or the props width(100%) and height(100%),
       or add a minWidth(0) or minHeight(undefined) or use aspect(undefined) to control the
       height and width.
11:33:18 PM [vite] (client) [console.warn] The width(-1) and height(-1) of chart should be greater than 0,
       please check the style of container, or the props width(100%) and height(100%),
       or add a minWidth(0) or minHeight(undefined) or use aspect(undefined) to control the
       height and width.
11:33:18 PM [vite] (client) [console.warn] The width(-1) and height(-1) of chart should be greater than 0,
       please check the style of container, or the props width(100%) and height(100%),
       or add a minWidth(0) or minHeight(undefined) or use aspect(undefined) to control the
       height and width.
11:33:39 PM [vite] (client) [console.warn] The width(-1) and height(-1) of chart should be greater than 0,
       please check the style of container, or the props width(100%) and height(100%),
       or add a minWidth(0) or minHeight(undefined) or use aspect(undefined) to control the
       height and width.
11:33:39 PM [vite] (client) [console.warn] The width(-1) and height(-1) of chart should be greater than 0,
       please check the style of container, or the props width(100%) and height(100%),
       or add a minWidth(0) or minHeight(undefined) or use aspect(undefined) to control the
       height and width.
11:34:37 PM [vite] (client) hmr update /src/App.jsx
11:34:37 PM [vite] Internal server error: Transform failed with 1 error:

[31m[PARSE_ERROR] Error:[0m Unterminated regular expression
     [38;5;246m╭[0m[38;5;246m─[0m[38;5;246m[[0m src/App.jsx:178:10 [38;5;246m][0m
     [38;5;246m│[0m
 [38;5;246m178 │[0m [38;5;249m [0m[38;5;249m [0m[38;5;249m [0m[38;5;249m [0m[38;5;249m [0m[38;5;249m [0m[38;5;249m [0m[38;5;249m [0m[38;5;249m<[0m/div>
 [38;5;240m    │[0m          ───┬──  
 [38;5;240m    │[0m             ╰──── 
[38;5;246m─────╯[0m

  Plugin: vite:oxc
  File: /Users/sanidhyasharma/GitHub/Project/Project-/frontend/src/App.jsx
      at transformWithOxc (file:///Users/sanidhyasharma/GitHub/Project/Project-/frontend/node_modules/vite/dist/node/chunks/node.js:3720:19)
      at TransformPluginContext.transform (file:///Users/sanidhyasharma/GitHub/Project/Project-/frontend/node_modules/vite/dist/node/chunks/node.js:3788:26)
      at EnvironmentPluginContainer.transform (file:///Users/sanidhyasharma/GitHub/Project/Project-/frontend/node_modules/vite/dist/node/chunks/node.js:30048:51)
      at async loadAndTransform (file:///Users/sanidhyasharma/GitHub/Project/Project-/frontend/node_modules/vite/dist/node/chunks/node.js:24177:26)
      at async viteTransformMiddleware (file:///Users/sanidhyasharma/GitHub/Project/Project-/frontend/node_modules/vite/dist/node/chunks/node.js:24986:20)
11:34:37 PM [vite] (client) [console.error] [vite] Failed to reload /src/App.jsx. This could be due to syntax errors or importing non-existent modules. (see errors above)
11:34:43 PM [vite] Internal server error: Transform failed with 1 error:

[31m[PARSE_ERROR] Error:[0m Unterminated regular expression
     [38;5;246m╭[0m[38;5;246m─[0m[38;5;246m[[0m src/App.jsx:178:10 [38;5;246m][0m
     [38;5;246m│[0m
 [38;5;246m178 │[0m [38;5;249m [0m[38;5;249m [0m[38;5;249m [0m[38;5;249m [0m[38;5;249m [0m[38;5;249m [0m[38;5;249m [0m[38;5;249m [0m[38;5;249m<[0m/div>
 [38;5;240m    │[0m          ───┬──  
 [38;5;240m    │[0m             ╰──── 
[38;5;246m─────╯[0m

  Plugin: vite:oxc
  File: /Users/sanidhyasharma/GitHub/Project/Project-/frontend/src/App.jsx
      at transformWithOxc (file:///Users/sanidhyasharma/GitHub/Project/Project-/frontend/node_modules/vite/dist/node/chunks/node.js:3720:19)
      at TransformPluginContext.transform (file:///Users/sanidhyasharma/GitHub/Project/Project-/frontend/node_modules/vite/dist/node/chunks/node.js:3788:26)
      at EnvironmentPluginContainer.transform (file:///Users/sanidhyasharma/GitHub/Project/Project-/frontend/node_modules/vite/dist/node/chunks/node.js:30048:51)
      at async loadAndTransform (file:///Users/sanidhyasharma/GitHub/Project/Project-/frontend/node_modules/vite/dist/node/chunks/node.js:24177:26)
11:34:43 PM [vite] (client) Pre-transform error: Transform failed with 1 error:

[31m[PARSE_ERROR] Error:[0m Unterminated regular expression
     [38;5;246m╭[0m[38;5;246m─[0m[38;5;246m[[0m src/App.jsx:178:10 [38;5;246m][0m
     [38;5;246m│[0m
 [38;5;246m178 │[0m [38;5;249m [0m[38;5;249m [0m[38;5;249m [0m[38;5;249m [0m[38;5;249m [0m[38;5;249m [0m[38;5;249m [0m[38;5;249m [0m[38;5;249m<[0m/div>
 [38;5;240m    │[0m          ───┬──  
 [38;5;240m    │[0m             ╰──── 
[38;5;246m─────╯[0m

  Plugin: vite:oxc
  File: /Users/sanidhyasharma/GitHub/Project/Project-/frontend/src/App.jsx
11:34:51 PM [vite] (client) hmr update /src/App.jsx
11:34:51 PM [vite] (client) [console.warn] The width(-1) and height(-1) of chart should be greater than 0,
       please check the style of container, or the props width(100%) and height(100%),
       or add a minWidth(0) or minHeight(undefined) or use aspect(undefined) to control the
       height and width.
11:34:51 PM [vite] (client) [console.warn] The width(-1) and height(-1) of chart should be greater than 0,
       please check the style of container, or the props width(100%) and height(100%),
       or add a minWidth(0) or minHeight(undefined) or use aspect(undefined) to control the
       height and width.
11:35:51 PM [vite] (client) hmr update /src/App.jsx
11:36:31 PM [vite] (client) hmr update /src/index.css
11:36:45 PM [vite] (client) hmr update /src/App.jsx
11:36:53 PM [vite] (client) [console.warn] The width(-1) and height(-1) of chart should be greater than 0,
       please check the style of container, or the props width(100%) and height(100%),
       or add a minWidth(0) or minHeight(undefined) or use aspect(undefined) to control the
       height and width.
11:36:53 PM [vite] (client) [console.warn] The width(-1) and height(-1) of chart should be greater than 0,
       please check the style of container, or the props width(100%) and height(100%),
       or add a minWidth(0) or minHeight(undefined) or use aspect(undefined) to control the
       height and width.
11:36:59 PM [vite] (client) hmr update /src/index.css
11:37:16 PM [vite] (client) hmr update /src/App.jsx
11:37:16 PM [vite] (client) [console.warn] The width(-1) and height(-1) of chart should be greater than 0,
       please check the style of container, or the props width(100%) and height(100%),
       or add a minWidth(0) or minHeight(undefined) or use aspect(undefined) to control the
       height and width.
11:37:16 PM [vite] (client) [console.warn] The width(-1) and height(-1) of chart should be greater than 0,
       please check the style of container, or the props width(100%) and height(100%),
       or add a minWidth(0) or minHeight(undefined) or use aspect(undefined) to control the
       height and width.
11:37:27 PM [vite] (client) [console.warn] The width(-1) and height(-1) of chart should be greater than 0,
       please check the style of container, or the props width(100%) and height(100%),
       or add a minWidth(0) or minHeight(undefined) or use aspect(undefined) to control the
       height and width.
11:37:27 PM [vite] (client) [console.warn] The width(-1) and height(-1) of chart should be greater than 0,
       please check the style of container, or the props width(100%) and height(100%),
       or add a minWidth(0) or minHeight(undefined) or use aspect(undefined) to control the
       height and width.
11:37:45 PM [vite] (client) [console.error] SyntaxError: Unexpected token '<', "<!DOCTYPE "... is not valid JSON
11:37:45 PM [vite] (client) [console.error] SyntaxError: Unexpected token '<', "<!DOCTYPE "... is not valid JSON
11:37:53 PM [vite] (client) [console.error] SyntaxError: Unexpected token '<', "<!DOCTYPE "... is not valid JSON
11:37:53 PM [vite] (client) [console.error] SyntaxError: Unexpected token '<', "<!DOCTYPE "... is not valid JSON
11:38:13 PM [vite] (client) [console.warn] The width(-1) and height(-1) of chart should be greater than 0,
       please check the style of container, or the props width(100%) and height(100%),
       or add a minWidth(0) or minHeight(undefined) or use aspect(undefined) to control the
       height and width.
11:38:13 PM [vite] (client) [console.warn] The width(-1) and height(-1) of chart should be greater than 0,
       please check the style of container, or the props width(100%) and height(100%),
       or add a minWidth(0) or minHeight(undefined) or use aspect(undefined) to control the
       height and width.
11:39:39 PM [vite] (client) hmr update /src/App.jsx
11:39:40 PM [vite] (client) [console.warn] The width(-1) and height(-1) of chart should be greater than 0,
       please check the style of container, or the props width(100%) and height(100%),
       or add a minWidth(0) or minHeight(undefined) or use aspect(undefined) to control the
       height and width.
11:39:40 PM [vite] (client) [console.warn] The width(-1) and height(-1) of chart should be greater than 0,
       please check the style of container, or the props width(100%) and height(100%),
       or add a minWidth(0) or minHeight(undefined) or use aspect(undefined) to control the
       height and width.
11:40:09 PM [vite] (client) hmr update /src/index.css
11:40:39 PM [vite] (client) hmr update /src/index.css
11:40:54 PM [vite] (client) hmr update /src/App.jsx
11:41:16 PM [vite] (client) hmr update /src/index.css
11:41:28 PM [vite] (client) hmr update /src/App.jsx
11:42:56 PM [vite] (client) [console.warn] The width(-1) and height(-1) of chart should be greater than 0,
       please check the style of container, or the props width(100%) and height(100%),
       or add a minWidth(0) or minHeight(undefined) or use aspect(undefined) to control the
       height and width.
11:42:56 PM [vite] (client) [console.warn] The width(-1) and height(-1) of chart should be greater than 0,
       please check the style of container, or the props width(100%) and height(100%),
       or add a minWidth(0) or minHeight(undefined) or use aspect(undefined) to control the
       height and width.
11:43:19 PM [vite] (client) [console.warn] The width(-1) and height(-1) of chart should be greater than 0,
       please check the style of container, or the props width(100%) and height(100%),
       or add a minWidth(0) or minHeight(undefined) or use aspect(undefined) to control the
       height and width.
11:43:19 PM [vite] (client) [console.warn] The width(-1) and height(-1) of chart should be greater than 0,
       please check the style of container, or the props width(100%) and height(100%),
       or add a minWidth(0) or minHeight(undefined) or use aspect(undefined) to control the
       height and width.
11:44:25 PM [vite] (client) hmr update /src/App.jsx
11:44:32 PM [vite] (client) hmr update /src/index.css
11:44:58 PM [vite] (client) [console.warn] The width(-1) and height(-1) of chart should be greater than 0,
       please check the style of container, or the props width(100%) and height(100%),
       or add a minWidth(0) or minHeight(undefined) or use aspect(undefined) to control the
       height and width.
11:44:58 PM [vite] (client) [console.warn] The width(-1) and height(-1) of chart should be greater than 0,
       please check the style of container, or the props width(100%) and height(100%),
       or add a minWidth(0) or minHeight(undefined) or use aspect(undefined) to control the
       height and width.
11:45:10 PM [vite] (client) hmr update /src/App.jsx
11:45:19 PM [vite] (client) hmr update /src/App.jsx
11:46:03 PM [vite] (client) [console.warn] The width(-1) and height(-1) of chart should be greater than 0,
       please check the style of container, or the props width(100%) and height(100%),
       or add a minWidth(0) or minHeight(undefined) or use aspect(undefined) to control the
       height and width.
11:46:03 PM [vite] (client) [console.warn] The width(-1) and height(-1) of chart should be greater than 0,
       please check the style of container, or the props width(100%) and height(100%),
       or add a minWidth(0) or minHeight(undefined) or use aspect(undefined) to control the
       height and width.
11:46:57 PM [vite] (client) hmr update /src/App.jsx
11:47:01 PM [vite] (client) [console.warn] The width(-1) and height(-1) of chart should be greater than 0,
       please check the style of container, or the props width(100%) and height(100%),
       or add a minWidth(0) or minHeight(undefined) or use aspect(undefined) to control the
       height and width.
11:47:01 PM [vite] (client) [console.warn] The width(-1) and height(-1) of chart should be greater than 0,
       please check the style of container, or the props width(100%) and height(100%),
       or add a minWidth(0) or minHeight(undefined) or use aspect(undefined) to control the
       height and width.
11:48:15 PM [vite] (client) hmr update /src/App.jsx
11:48:41 PM [vite] (client) hmr update /src/App.jsx
11:49:28 PM [vite] (client) [console.warn] The width(-1) and height(-1) of chart should be greater than 0,
       please check the style of container, or the props width(100%) and height(100%),
       or add a minWidth(0) or minHeight(undefined) or use aspect(undefined) to control the
       height and width.
11:49:28 PM [vite] (client) [console.warn] The width(-1) and height(-1) of chart should be greater than 0,
       please check the style of container, or the props width(100%) and height(100%),
       or add a minWidth(0) or minHeight(undefined) or use aspect(undefined) to control the
       height and width.
11:49:44 PM [vite] (client) [console.warn] The width(-1) and height(-1) of chart should be greater than 0,
       please check the style of container, or the props width(100%) and height(100%),
       or add a minWidth(0) or minHeight(undefined) or use aspect(undefined) to control the
       height and width.
11:49:44 PM [vite] (client) [console.warn] The width(-1) and height(-1) of chart should be greater than 0,
       please check the style of container, or the props width(100%) and height(100%),
       or add a minWidth(0) or minHeight(undefined) or use aspect(undefined) to control the
       height and width.
11:49:58 PM [vite] (client) hmr update /src/index.css
11:50:07 PM [vite] (client) hmr update /src/App.jsx
11:50:29 PM [vite] (client) [console.warn] The width(-1) and height(-1) of chart should be greater than 0,
       please check the style of container, or the props width(100%) and height(100%),
       or add a minWidth(0) or minHeight(undefined) or use aspect(undefined) to control the
       height and width.
11:50:29 PM [vite] (client) [console.warn] The width(-1) and height(-1) of chart should be greater than 0,
       please check the style of container, or the props width(100%) and height(100%),
       or add a minWidth(0) or minHeight(undefined) or use aspect(undefined) to control the
       height and width.
11:50:35 PM [vite] (client) hmr update /src/App.jsx
11:52:45 PM [vite] (client) hmr update /src/App.jsx
11:52:46 PM [vite] (client) [Unhandled error] ReferenceError: zenMode is not defined
 > App src/App.jsx:285:39
    283 |    return (
    284 |      <Router>
    285 |        <div className={`app-container ${zenMode ? 'zen-active' : ''}`}>
        |                                         ^
    286 |          <div className="mesh-bg"></div>
    287 |          <div className="particles">
 > Object.react_stack_bottom_frame node_modules/react-dom/cjs/react-dom-client.development.js:25904:19
 > renderWithHooks node_modules/react-dom/cjs/react-dom-client.development.js:7662:21
 > updateFunctionComponent node_modules/react-dom/cjs/react-dom-client.development.js:10166:18
 > beginWork node_modules/react-dom/cjs/react-dom-client.development.js:11778:17
 > runWithFiberInDEV node_modules/react-dom/cjs/react-dom-client.development.js:871:29
 > performUnitOfWork node_modules/react-dom/cjs/react-dom-client.development.js:17641:21
 > workLoopSync node_modules/react-dom/cjs/react-dom-client.development.js:17469:40
 > renderRootSync node_modules/react-dom/cjs/react-dom-client.development.js:17450:10
 > performWorkOnRoot node_modules/react-dom/cjs/react-dom-client.development.js:16583:34

11:52:46 PM [vite] (client) [console.warn] An error occurred in the <App> component.

Consider adding an error boundary to your tree to customize error handling behavior.
Visit https://react.dev/link/error-boundaries to learn more about error boundaries.

11:54:18 PM [vite] (client) hmr update /src/App.jsx
11:54:48 PM [vite] (client) hmr update /src/index.css
11:55:17 PM [vite] (client) hmr update /src/index.css
11:55:59 PM [vite] (client) [console.error] SyntaxError: Unexpected token '<', "<!DOCTYPE "... is not valid JSON
11:55:59 PM [vite] (client) [console.error] SyntaxError: Unexpected token '<', "<!DOCTYPE "... is not valid JSON
11:56:07 PM [vite] (client) [console.warn] The width(-1) and height(-1) of chart should be greater than 0,
       please check the style of container, or the props width(100%) and height(100%),
       or add a minWidth(0) or minHeight(undefined) or use aspect(undefined) to control the
       height and width.
11:56:07 PM [vite] (client) [console.warn] The width(-1) and height(-1) of chart should be greater than 0,
       please check the style of container, or the props width(100%) and height(100%),
       or add a minWidth(0) or minHeight(undefined) or use aspect(undefined) to control the
       height and width.
11:57:27 PM [vite] (client) [console.warn] The width(-1) and height(-1) of chart should be greater than 0,
       please check the style of container, or the props width(100%) and height(100%),
       or add a minWidth(0) or minHeight(undefined) or use aspect(undefined) to control the
       height and width.
11:57:27 PM [vite] (client) [console.warn] The width(-1) and height(-1) of chart should be greater than 0,
       please check the style of container, or the props width(100%) and height(100%),
       or add a minWidth(0) or minHeight(undefined) or use aspect(undefined) to control the
       height and width.
11:57:40 PM [vite] (client) [console.error] SyntaxError: Unexpected token '<', "<!DOCTYPE "... is not valid JSON
11:57:40 PM [vite] (client) [console.error] SyntaxError: Unexpected token '<', "<!DOCTYPE "... is not valid JSON
11:57:47 PM [vite] (client) [console.warn] The width(-1) and height(-1) of chart should be greater than 0,
       please check the style of container, or the props width(100%) and height(100%),
       or add a minWidth(0) or minHeight(undefined) or use aspect(undefined) to control the
       height and width.
11:57:47 PM [vite] (client) [console.warn] The width(-1) and height(-1) of chart should be greater than 0,
       please check the style of container, or the props width(100%) and height(100%),
       or add a minWidth(0) or minHeight(undefined) or use aspect(undefined) to control the
       height and width.
11:57:55 PM [vite] (client) [console.warn] The width(-1) and height(-1) of chart should be greater than 0,
       please check the style of container, or the props width(100%) and height(100%),
       or add a minWidth(0) or minHeight(undefined) or use aspect(undefined) to control the
       height and width.
11:57:55 PM [vite] (client) [console.warn] The width(-1) and height(-1) of chart should be greater than 0,
       please check the style of container, or the props width(100%) and height(100%),
       or add a minWidth(0) or minHeight(undefined) or use aspect(undefined) to control the
       height and width.
11:58:53 PM [vite] (client) hmr update /src/App.jsx, /src/components/StudyModule.jsx
11:59:13 PM [vite] (client) hmr update /src/App.jsx
11:59:21 PM [vite] (client) hmr update /src/App.jsx
11:59:28 PM [vite] (client) hmr update /src/index.css
12:01:01 AM [vite] (client) [console.warn] The width(-1) and height(-1) of chart should be greater than 0,
       please check the style of container, or the props width(100%) and height(100%),
       or add a minWidth(0) or minHeight(undefined) or use aspect(undefined) to control the
       height and width.
12:01:01 AM [vite] (client) [console.warn] The width(-1) and height(-1) of chart should be greater than 0,
       please check the style of container, or the props width(100%) and height(100%),
       or add a minWidth(0) or minHeight(undefined) or use aspect(undefined) to control the
       height and width.
12:01:30 AM [vite] (client) [console.error] SyntaxError: Unexpected token '<', "<!DOCTYPE "... is not valid JSON
12:01:30 AM [vite] (client) [console.error] SyntaxError: Unexpected token '<', "<!DOCTYPE "... is not valid JSON
12:01:34 AM [vite] (client) [console.warn] The width(-1) and height(-1) of chart should be greater than 0,
       please check the style of container, or the props width(100%) and height(100%),
       or add a minWidth(0) or minHeight(undefined) or use aspect(undefined) to control the
       height and width.
12:01:34 AM [vite] (client) [console.warn] The width(-1) and height(-1) of chart should be greater than 0,
       please check the style of container, or the props width(100%) and height(100%),
       or add a minWidth(0) or minHeight(undefined) or use aspect(undefined) to control the
       height and width.
12:02:55 AM [vite] (client) [console.warn] The width(-1) and height(-1) of chart should be greater than 0,
       please check the style of container, or the props width(100%) and height(100%),
       or add a minWidth(0) or minHeight(undefined) or use aspect(undefined) to control the
       height and width.
12:02:55 AM [vite] (client) [console.warn] The width(-1) and height(-1) of chart should be greater than 0,
       please check the style of container, or the props width(100%) and height(100%),
       or add a minWidth(0) or minHeight(undefined) or use aspect(undefined) to control the
       height and width.
12:03:02 AM [vite] (client) [console.warn] The width(-1) and height(-1) of chart should be greater than 0,
       please check the style of container, or the props width(100%) and height(100%),
       or add a minWidth(0) or minHeight(undefined) or use aspect(undefined) to control the
       height and width.
12:03:02 AM [vite] (client) [console.warn] The width(-1) and height(-1) of chart should be greater than 0,
       please check the style of container, or the props width(100%) and height(100%),
       or add a minWidth(0) or minHeight(undefined) or use aspect(undefined) to control the
       height and width.
12:03:22 AM [vite] (client) [console.warn] The width(-1) and height(-1) of chart should be greater than 0,
       please check the style of container, or the props width(100%) and height(100%),
       or add a minWidth(0) or minHeight(undefined) or use aspect(undefined) to control the
       height and width.
12:03:22 AM [vite] (client) [console.warn] The width(-1) and height(-1) of chart should be greater than 0,
       please check the style of container, or the props width(100%) and height(100%),
       or add a minWidth(0) or minHeight(undefined) or use aspect(undefined) to control the
       height and width.
12:03:26 AM [vite] (client) [console.warn] The width(-1) and height(-1) of chart should be greater than 0,
       please check the style of container, or the props width(100%) and height(100%),
       or add a minWidth(0) or minHeight(undefined) or use aspect(undefined) to control the
       height and width.
12:03:26 AM [vite] (client) [console.warn] The width(-1) and height(-1) of chart should be greater than 0,
       please check the style of container, or the props width(100%) and height(100%),
       or add a minWidth(0) or minHeight(undefined) or use aspect(undefined) to control the
       height and width.
12:03:43 AM [vite] (client) hmr update /src/App.jsx
12:04:00 AM [vite] (client) hmr update /src/App.jsx
12:04:17 AM [vite] (client) hmr update /src/index.css
12:04:28 AM [vite] (client) [console.warn] The width(-1) and height(-1) of chart should be greater than 0,
       please check the style of container, or the props width(100%) and height(100%),
       or add a minWidth(0) or minHeight(undefined) or use aspect(undefined) to control the
       height and width.
12:04:28 AM [vite] (client) [console.warn] The width(-1) and height(-1) of chart should be greater than 0,
       please check the style of container, or the props width(100%) and height(100%),
       or add a minWidth(0) or minHeight(undefined) or use aspect(undefined) to control the
       height and width.
12:04:40 AM [vite] (client) hmr update /src/App.jsx
12:04:41 AM [vite] (client) [Unhandled error] ReferenceError: hudSettings is not defined
 > MainApp src/App.jsx:363:7
    361 |      <div className={`app-container ${theme}-theme`}>
    362 |        <div className="mesh-bg"></div>
    363 |        {hudSettings.scanlines && <div className="hud-scanlines"></div>}
        |         ^
    364 |        <div className="particles-container">
    365 |          {hudSettings.particles && [...Array(hudSettings.particleDensity)].map((_, i) => (
 > Object.react_stack_bottom_frame node_modules/react-dom/cjs/react-dom-client.development.js:25904:19
 > renderWithHooks node_modules/react-dom/cjs/react-dom-client.development.js:7662:21
 > updateFunctionComponent node_modules/react-dom/cjs/react-dom-client.development.js:10166:18
 > beginWork node_modules/react-dom/cjs/react-dom-client.development.js:11778:17
 > runWithFiberInDEV node_modules/react-dom/cjs/react-dom-client.development.js:871:29
 > performUnitOfWork node_modules/react-dom/cjs/react-dom-client.development.js:17641:21
 > workLoopSync node_modules/react-dom/cjs/react-dom-client.development.js:17469:40
 > renderRootSync node_modules/react-dom/cjs/react-dom-client.development.js:17450:10
 > performWorkOnRoot node_modules/react-dom/cjs/react-dom-client.development.js:16583:34

12:04:41 AM [vite] (client) [console.warn] An error occurred in the <MainApp> component.

Consider adding an error boundary to your tree to customize error handling behavior.
Visit https://react.dev/link/error-boundaries to learn more about error boundaries.

12:04:44 AM [vite] (client) [Unhandled error] ReferenceError: hudSettings is not defined
 > MainApp src/App.jsx:363:7
    361 |      <div className={`app-container ${theme}-theme`}>
    362 |        <div className="mesh-bg"></div>
    363 |        {hudSettings.scanlines && <div className="hud-scanlines"></div>}
        |         ^
    364 |        <div className="particles-container">
    365 |          {hudSettings.particles && [...Array(hudSettings.particleDensity)].map((_, i) => (
 > Object.react_stack_bottom_frame node_modules/react-dom/cjs/react-dom-client.development.js:25904:19
 > renderWithHooks node_modules/react-dom/cjs/react-dom-client.development.js:7662:21
 > updateFunctionComponent node_modules/react-dom/cjs/react-dom-client.development.js:10166:18
 > beginWork node_modules/react-dom/cjs/react-dom-client.development.js:11778:17
 > runWithFiberInDEV node_modules/react-dom/cjs/react-dom-client.development.js:871:29
 > performUnitOfWork node_modules/react-dom/cjs/react-dom-client.development.js:17641:21
 > workLoopSync node_modules/react-dom/cjs/react-dom-client.development.js:17469:40
 > renderRootSync node_modules/react-dom/cjs/react-dom-client.development.js:17450:10
 > performWorkOnRoot node_modules/react-dom/cjs/react-dom-client.development.js:16583:34

12:04:44 AM [vite] (client) [console.warn] An error occurred in the <MainApp> component.

Consider adding an error boundary to your tree to customize error handling behavior.
Visit https://react.dev/link/error-boundaries to learn more about error boundaries.

12:04:46 AM [vite] (client) [Unhandled error] ReferenceError: hudSettings is not defined
 > MainApp src/App.jsx:363:7
    361 |      <div className={`app-container ${theme}-theme`}>
    362 |        <div className="mesh-bg"></div>
    363 |        {hudSettings.scanlines && <div className="hud-scanlines"></div>}
        |         ^
    364 |        <div className="particles-container">
    365 |          {hudSettings.particles && [...Array(hudSettings.particleDensity)].map((_, i) => (
 > Object.react_stack_bottom_frame node_modules/react-dom/cjs/react-dom-client.development.js:25904:19
 > renderWithHooks node_modules/react-dom/cjs/react-dom-client.development.js:7662:21
 > updateFunctionComponent node_modules/react-dom/cjs/react-dom-client.development.js:10166:18
 > beginWork node_modules/react-dom/cjs/react-dom-client.development.js:11778:17
 > runWithFiberInDEV node_modules/react-dom/cjs/react-dom-client.development.js:871:29
 > performUnitOfWork node_modules/react-dom/cjs/react-dom-client.development.js:17641:21
 > workLoopSync node_modules/react-dom/cjs/react-dom-client.development.js:17469:40
 > renderRootSync node_modules/react-dom/cjs/react-dom-client.development.js:17450:10
 > performWorkOnRoot node_modules/react-dom/cjs/react-dom-client.development.js:16583:34

12:04:46 AM [vite] (client) [console.warn] An error occurred in the <MainApp> component.

Consider adding an error boundary to your tree to customize error handling behavior.
Visit https://react.dev/link/error-boundaries to learn more about error boundaries.

12:05:13 AM [vite] (client) hmr update /src/App.jsx
12:05:13 AM [vite] (client) [console.warn] The width(-1) and height(-1) of chart should be greater than 0,
       please check the style of container, or the props width(100%) and height(100%),
       or add a minWidth(0) or minHeight(undefined) or use aspect(undefined) to control the
       height and width.
12:05:13 AM [vite] (client) [console.warn] The width(-1) and height(-1) of chart should be greater than 0,
       please check the style of container, or the props width(100%) and height(100%),
       or add a minWidth(0) or minHeight(undefined) or use aspect(undefined) to control the
       height and width.
12:05:31 AM [vite] (client) hmr update /src/components/SettingsModule.jsx
12:05:40 AM [vite] (client) [console.warn] The width(-1) and height(-1) of chart should be greater than 0,
       please check the style of container, or the props width(100%) and height(100%),
       or add a minWidth(0) or minHeight(undefined) or use aspect(undefined) to control the
       height and width.
12:05:40 AM [vite] (client) [console.warn] The width(-1) and height(-1) of chart should be greater than 0,
       please check the style of container, or the props width(100%) and height(100%),
       or add a minWidth(0) or minHeight(undefined) or use aspect(undefined) to control the
       height and width.
12:05:46 AM [vite] (client) hmr update /src/index.css
12:06:12 AM [vite] (client) hmr update /src/index.css
12:06:21 AM [vite] (client) hmr update /src/App.jsx
12:06:35 AM [vite] (client) [console.warn] The width(-1) and height(-1) of chart should be greater than 0,
       please check the style of container, or the props width(100%) and height(100%),
       or add a minWidth(0) or minHeight(undefined) or use aspect(undefined) to control the
       height and width.
12:06:35 AM [vite] (client) [console.warn] The width(-1) and height(-1) of chart should be greater than 0,
       please check the style of container, or the props width(100%) and height(100%),
       or add a minWidth(0) or minHeight(undefined) or use aspect(undefined) to control the
       height and width.
12:07:46 AM [vite] (client) hmr update /src/components/SettingsModule.jsx
12:11:49 AM [vite] (client) [console.warn] The width(-1) and height(-1) of chart should be greater than 0,
       please check the style of container, or the props width(100%) and height(100%),
       or add a minWidth(0) or minHeight(undefined) or use aspect(undefined) to control the
       height and width.
12:11:49 AM [vite] (client) [console.warn] The width(-1) and height(-1) of chart should be greater than 0,
       please check the style of container, or the props width(100%) and height(100%),
       or add a minWidth(0) or minHeight(undefined) or use aspect(undefined) to control the
       height and width.
./start.sh: line 22: 13340 Hangup: 1               node server.js  (wd: ~/GitHub/Project/Project-/backend)
./start.sh: line 22: 13341 Hangup: 1               npm run dev -- --open
./start.sh: line 23: kill: (13340) - No such process
./start.sh: line 23: kill: (13341) - No such process
